[15:29:59] 200 -   312ms GET /civil/fields
[15:29:59] 200 -   320ms GET /civil
[15:30:26] 200 -     1ms GET /civil
[15:30:26] 200 -     1ms GET /civil/fields
[21:30:34] 200 - 33.755s GET /contract/test
[21:31:01] 404 -      0s GET /favicon.ico
[21:32:28] 200 - 41.446s GET /contract/test
[21:39:45] 200 - 17.499s GET /contract/test
[21:42:44] 200 - 13.933s GET /contract/test
[21:44:23] 200 - 40.039s GET /contract/test
[21:46:06] 200 - 57.538s GET /contract/test
[21:47:35] 200 - 34.233s GET /contract/test
[21:58:50] 200 -   133ms GET /contract/test
[21:59:12] 200 -   134ms GET /contract/test
[22:06:52] 200 -  52.04s GET /contract/test
[22:08:14] 200 -   153ms GET /contract/test
[10:00:06] 200 - 1m38.388s GET /contract/test
[10:00:06] 404 -      0s GET /favicon.ico
[10:12:52] 200 - 1m1.229s GET /contract/test
[10:14:27] 200 -   226ms GET /contract/test
[10:30:33] 200 -   290ms GET /contract/test
[10:51:58] 200 - 39.347s GET /contract/test
[10:53:03] 200 - 35.605s GET /contract/test
[10:57:13] 200 - 54.581s GET /contract/test
[10:59:56] 200 - 1m59.753s GET /contract/test
[11:02:06] 200 - 1m13.633s GET /contract/test
[11:10:42] 200 - 7m6.891s GET /contract/test
[11:19:52] 200 - 1m14.217s GET /contract/test
[11:29:02] 200 - 4m6.558s GET /contract/test
[11:33:09] 200 - 1m16.686s GET /contract/test
[11:35:13] 200 - 38.189s GET /contract/test
[11:36:52] 200 - 1m16.789s GET /contract/test
[12:42:09] 200 - 1m14.4s GET /contract/test
[12:48:53] 200 - 6m36.413s GET /contract/test
[12:50:42] 200 - 1m33.542s GET /contract/test
[13:03:21] 200 - 12m32.717s GET /contract/test
[13:03:41] 200 - 10.912s GET /contract/test
[13:10:51] 200 - 7m7.65s GET /contract/test
[13:33:42] 200 - 1m22.293s GET /contract/test
[15:48:25] 200 - 38.294s GET /contract/test
[15:48:49] 200 - 16.532s GET /contract/test
[15:51:14] 200 - 1m36.555s GET /contract/test
[16:06:50] 200 - 31.019s GET /contract/test
[16:28:08] 200 -  19.79s GET /contract/test
[16:43:37] 200 - 14.474s GET /contract/test
[16:46:04] 200 - 22.701s GET /contract/test
[16:48:28] 200 - 1m17.152s GET /contract/test
[16:52:04] 200 - 2m22.117s GET /contract/test
[16:53:23] 200 - 1m8.538s GET /contract/test
[16:54:13] 200 - 21.764s GET /contract/test
[17:46:30] 200 - 48m27.244s GET /contract/test
[17:46:42] 200 -   187ms GET /contract/test
[17:47:57] 200 - 38.141s GET /contract/test
[17:48:59] 200 - 28.648s GET /contract/test
[17:49:40] 200 - 50.804s GET /contract/test
